0 info it worked if it ends with ok
1 verbose cli [ 'C:\\Program Files\\nodejs\\node.exe',
1 verbose cli   'C:\\Program Files\\nodejs\\node_modules\\npm\\bin\\npm-cli.js',
1 verbose cli   'run',
1 verbose cli   'lite' ]
2 info using npm@3.9.3
3 info using node@v6.2.1
4 verbose run-script [ 'prelite', 'lite', 'postlite' ]
5 info lifecycle smartfrigo@2.0.0~prelite: smartfrigo@2.0.0
6 silly lifecycle smartfrigo@2.0.0~prelite: no script for prelite, continuing
7 info lifecycle smartfrigo@2.0.0~lite: smartfrigo@2.0.0
8 verbose lifecycle smartfrigo@2.0.0~lite: unsafe-perm in lifecycle true
9 verbose lifecycle smartfrigo@2.0.0~lite: PATH: C:\Program Files\nodejs\node_modules\npm\bin\node-gyp-bin;c:\Users\Diego\Documents\AA-Desarrollos\SMARTFRIGO\node_modules\.bin;C:\Program Files\nodejs;C:\Program Files\nodejs\node_modules\npm\bin\node-gyp-bin;c:\Users\Diego\Documents\AA-Desarrollos\SMARTFRIGO\node_modules\.bin;C:\Program Files\nodejs;C:\ProgramData\Oracle\Java\javapath;C:\Program Files\Common Files\Microsoft Shared\Windows Live;C:\Program Files (x86)\Common Files\Microsoft Shared\Windows Live;C:\Windows\system32;C:\Windows;C:\Windows\System32\Wbem;C:\Windows\System32\WindowsPowerShell\v1.0\;C:\Program Files\Intel\WiFi\bin\;C:\Program Files\Common Files\Intel\WirelessCommon\;c:\Program Files\WIDCOMM\Bluetooth Software\;c:\Program Files\WIDCOMM\Bluetooth Software\syswow64;c:\Program Files (x86)\Common Files\Roxio Shared\DLLShared\;C:\Program Files (x86)\QuickTime\QTSystem\;C:\Program Files (x86)\Windows Live\Shared;C:\Program Files\Microsoft\Web Platform Installer\;C:\Program Files (x86)\Microsoft ASP.NET\ASP.NET Web Pages\v1.0\;C:\Program Files\Microsoft SQL Server\110\Tools\Binn\;C:\Program Files\Aladdin\eToken\PKIClient\x32;C:\Program Files\Aladdin\eToken\PKIClient\x64;c:\Program Files (x86)\Microsoft SQL Server\110\Tools\Binn\;c:\Program Files\Microsoft SQL Server\110\DTS\Binn\;c:\Program Files (x86)\Microsoft SQL Server\110\Tools\Binn\ManagementStudio\;c:\Program Files (x86)\Microsoft SQL Server\110\DTS\Binn\;C:\Program Files (x86)\Skype\Phone\;C:\WINDOWS\system32;C:\WINDOWS;C:\WINDOWS\System32\Wbem;C:\WINDOWS\System32\WindowsPowerShell\v1.0\;C:\Program Files\Git\cmd;C:\ProgramData\chocolatey\bin;C:\Program Files\nodejs\;C:\Program Files (x86)\SSH Communications Security\SSH Secure Shell;C:\Program Files (x86)\Microsoft VS Code\bin;C:\Users\Diego\AppData\Roaming\npm
10 verbose lifecycle smartfrigo@2.0.0~lite: CWD: c:\Users\Diego\Documents\AA-Desarrollos\SMARTFRIGO
11 silly lifecycle smartfrigo@2.0.0~lite: Args: [ '/d /s /c', 'lite-server' ]
12 silly lifecycle smartfrigo@2.0.0~lite: Returned: code: 3  signal: null
13 info lifecycle smartfrigo@2.0.0~lite: Failed to exec lite script
14 verbose stack Error: smartfrigo@2.0.0 lite: `lite-server`
14 verbose stack Exit status 3
14 verbose stack     at EventEmitter.<anonymous> (C:\Program Files\nodejs\node_modules\npm\lib\utils\lifecycle.js:245:16)
14 verbose stack     at emitTwo (events.js:106:13)
14 verbose stack     at EventEmitter.emit (events.js:191:7)
14 verbose stack     at ChildProcess.<anonymous> (C:\Program Files\nodejs\node_modules\npm\lib\utils\spawn.js:24:14)
14 verbose stack     at emitTwo (events.js:106:13)
14 verbose stack     at ChildProcess.emit (events.js:191:7)
14 verbose stack     at maybeClose (internal/child_process.js:852:16)
14 verbose stack     at Process.ChildProcess._handle.onexit (internal/child_process.js:215:5)
15 verbose pkgid smartfrigo@2.0.0
16 verbose cwd c:\Users\Diego\Documents\AA-Desarrollos\SMARTFRIGO
17 error Windows_NT 10.0.10586
18 error argv "C:\\Program Files\\nodejs\\node.exe" "C:\\Program Files\\nodejs\\node_modules\\npm\\bin\\npm-cli.js" "run" "lite"
19 error node v6.2.1
20 error npm  v3.9.3
21 error code ELIFECYCLE
22 error smartfrigo@2.0.0 lite: `lite-server`
22 error Exit status 3
23 error Failed at the smartfrigo@2.0.0 lite script 'lite-server'.
23 error Make sure you have the latest version of node.js and npm installed.
23 error If you do, this is most likely a problem with the smartfrigo package,
23 error not with npm itself.
23 error Tell the author that this fails on your system:
23 error     lite-server
23 error You can get information on how to open an issue for this project with:
23 error     npm bugs smartfrigo
23 error Or if that isn't available, you can get their info via:
23 error     npm owner ls smartfrigo
23 error There is likely additional logging output above.
24 verbose exit [ 1, true ]
